<?xml version="1.0" encoding="UTF-8"?>
<!-- Generated by org.testng.reporters.JUnitXMLReporter -->
<testsuite hostname="LAPTOP-2FD2RQ3C" ignored="0" name="Default test" tests="5" failures="0" timestamp="07 Jul 2019 07:38:17 GMT" time="1108.831" errors="0">
  <testcase name="testcase1" time="1107.598" classname="prototype.Tests"/>
  <testcase name="testcase2" time="0.109" classname="prototype.Tests"/>
  <testcase name="testcase3" time="0.115" classname="prototype.Tests"/>
  <testcase name="testcase4" time="0.102" classname="prototype.Tests"/>
  <testcase name="testcase5" time="0.091" classname="prototype.Tests"/>
</testsuite> <!-- Default test -->
