<?xml version="1.0" encoding="UTF-8"?>
<!-- Generated by org.testng.reporters.JUnitXMLReporter -->
<testsuite hostname="LAPTOP-2FD2RQ3C" ignored="0" name="Default test" tests="5" failures="0" timestamp="05 Jul 2019 17:13:59 GMT" time="0.748" errors="0">
  <testcase name="testcase1" time="0.076" classname="prototype.Tests"/>
  <testcase name="testcase2" time="0.001" classname="prototype.Tests">
    <skipped/>
  </testcase> <!-- testcase2 -->
  <testcase name="testcase3" time="0.073" classname="prototype.Tests"/>
  <testcase name="testcase4" time="0.001" classname="prototype.Tests">
    <skipped/>
  </testcase> <!-- testcase4 -->
  <testcase name="testcase5" time="0.075" classname="prototype.Tests"/>
</testsuite> <!-- Default test -->
