<?xml version="1.0" encoding="UTF-8"?>
<!-- Generated by org.testng.reporters.JUnitXMLReporter -->
<testsuite hostname="LAPTOP-2FD2RQ3C" ignored="4" name="Test" tests="1" failures="0" timestamp="07 Jul 2019 07:38:48 GMT" time="0.201" errors="0">
  <testcase name="testcase1" time="0.11" classname="prototype.Tests"/>
  <testcase name="testcase4" time="0.0" classname="prototype.Tests">
    <ignored/>
  </testcase> <!-- testcase4 -->
  <testcase name="testcase3" time="0.0" classname="prototype.Tests">
    <ignored/>
  </testcase> <!-- testcase3 -->
  <testcase name="testcase5" time="0.0" classname="prototype.Tests">
    <ignored/>
  </testcase> <!-- testcase5 -->
  <testcase name="testcase2" time="0.0" classname="prototype.Tests">
    <ignored/>
  </testcase> <!-- testcase2 -->
</testsuite> <!-- Test -->
