<?xml version="1.0" encoding="UTF-8"?>
<!-- Generated by org.testng.reporters.JUnitXMLReporter -->
<testsuite hostname="LAPTOP-2FD2RQ3C" ignored="0" name="Test" tests="5" failures="0" timestamp="07 Jul 2019 03:24:02 GMT" time="0.749" errors="0">
  <testcase name="testcase1" time="0.118" classname="prototype.Tests"/>
  <testcase name="testcase2" time="0.113" classname="prototype.Tests"/>
  <testcase name="testcase3" time="0.103" classname="prototype.Tests"/>
  <testcase name="testcase4" time="0.104" classname="prototype.Tests"/>
  <testcase name="testcase5" time="0.105" classname="prototype.Tests"/>
</testsuite> <!-- Test -->
