<?xml version="1.0" encoding="UTF-8"?>
<testng-results skipped="0" failed="0" ignored="0" total="5" passed="5">
  <reporter-output>
  </reporter-output>
  <suite name="Suite" duration-ms="427" started-at="2019-07-07T07:47:25Z" finished-at="2019-07-07T07:47:26Z">
    <groups>
    </groups>
    <test name="Test" duration-ms="427" started-at="2019-07-07T07:47:25Z" finished-at="2019-07-07T07:47:26Z">
      <class name="prototype.Tests">
        <test-method status="PASS" signature="activecases()[pri:0, instance:prototype.Tests@272ed83b]" name="activecases" is-config="true" duration-ms="106" started-at="2019-07-07T07:47:25Z" finished-at="2019-07-07T07:47:25Z">
          <reporter-output>
          </reporter-output>
        </test-method> <!-- activecases -->
        <test-method status="PASS" signature="testcase1()[pri:0, instance:prototype.Tests@272ed83b]" name="testcase1" duration-ms="56" started-at="2019-07-07T07:47:25Z" finished-at="2019-07-07T07:47:25Z">
          <reporter-output>
          </reporter-output>
        </test-method> <!-- testcase1 -->
        <test-method status="PASS" signature="testcase2()[pri:0, instance:prototype.Tests@272ed83b]" name="testcase2" duration-ms="63" started-at="2019-07-07T07:47:25Z" finished-at="2019-07-07T07:47:25Z">
          <reporter-output>
          </reporter-output>
        </test-method> <!-- testcase2 -->
        <test-method status="PASS" signature="testcase3()[pri:0, instance:prototype.Tests@272ed83b]" name="testcase3" duration-ms="58" started-at="2019-07-07T07:47:25Z" finished-at="2019-07-07T07:47:25Z">
          <reporter-output>
          </reporter-output>
        </test-method> <!-- testcase3 -->
        <test-method status="PASS" signature="testcase4()[pri:0, instance:prototype.Tests@272ed83b]" name="testcase4" duration-ms="55" started-at="2019-07-07T07:47:25Z" finished-at="2019-07-07T07:47:26Z">
          <reporter-output>
          </reporter-output>
        </test-method> <!-- testcase4 -->
        <test-method status="PASS" signature="testcase5()[pri:0, instance:prototype.Tests@272ed83b]" name="testcase5" duration-ms="63" started-at="2019-07-07T07:47:26Z" finished-at="2019-07-07T07:47:26Z">
          <reporter-output>
          </reporter-output>
        </test-method> <!-- testcase5 -->
      </class> <!-- prototype.Tests -->
    </test> <!-- Test -->
  </suite> <!-- Suite -->
</testng-results>
