<?xml version="1.0" encoding="UTF-8"?>
<testng-results skipped="0" failed="0" ignored="4" total="5" passed="1">
  <reporter-output>
  </reporter-output>
  <suite name="Suite" duration-ms="201" started-at="2019-07-07T07:38:48Z" finished-at="2019-07-07T07:38:48Z">
    <groups>
    </groups>
    <test name="Test" duration-ms="201" started-at="2019-07-07T07:38:48Z" finished-at="2019-07-07T07:38:48Z">
      <class name="prototype.Tests">
        <test-method status="PASS" signature="activecases()[pri:0, instance:prototype.Tests@6f27a732]" name="activecases" is-config="true" duration-ms="78" started-at="2019-07-07T07:38:48Z" finished-at="2019-07-07T07:38:48Z">
          <reporter-output>
          </reporter-output>
        </test-method> <!-- activecases -->
        <test-method status="PASS" signature="testcase1()[pri:0, instance:prototype.Tests@6f27a732]" name="testcase1" duration-ms="110" started-at="2019-07-07T07:38:48Z" finished-at="2019-07-07T07:38:48Z">
          <reporter-output>
          </reporter-output>
        </test-method> <!-- testcase1 -->
      </class> <!-- prototype.Tests -->
    </test> <!-- Test -->
  </suite> <!-- Suite -->
</testng-results>
